Connecting to database specified by database.yml
Connecting to database specified by database.yml
Connecting to database specified by database.yml
Connecting to database specified by database.yml
Connecting to database specified by database.yml
  [1m[36m (0.1ms)[0m  [1mselect sqlite_version(*)[0m
  [1m[35m (1.3ms)[0m  CREATE TABLE "schema_migrations" ("version" varchar(255) NOT NULL) 
  [1m[36m (0.9ms)[0m  [1mCREATE UNIQUE INDEX "unique_schema_migrations" ON "schema_migrations" ("version")[0m
  [1m[35m (0.1ms)[0m  SELECT "schema_migrations"."version" FROM "schema_migrations" 
Migrating to CreateProjects (20130710231522)
  [1m[36m (0.0ms)[0m  [1mbegin transaction[0m
  [1m[35m (0.4ms)[0m  CREATE TABLE "projects" ("id" INTEGER PRIMARY KEY AUTOINCREMENT NOT NULL, "name" varchar(255), "description" varchar(255), "created_at" datetime NOT NULL, "updated_at" datetime NOT NULL) 
  [1m[36m (0.1ms)[0m  [1mINSERT INTO "schema_migrations" ("version") VALUES ('20130710231522')[0m
  [1m[35m (0.8ms)[0m  commit transaction
  [1m[36m (0.1ms)[0m  [1mSELECT "schema_migrations"."version" FROM "schema_migrations" [0m
Connecting to database specified by database.yml
  [1m[36m (0.1ms)[0m  [1mSELECT "schema_migrations"."version" FROM "schema_migrations" [0m
  [1m[35m (0.2ms)[0m  select sqlite_version(*)
  [1m[36m (0.9ms)[0m  [1mCREATE TABLE "projects" ("id" INTEGER PRIMARY KEY AUTOINCREMENT NOT NULL, "name" varchar(255), "description" varchar(255), "created_at" datetime NOT NULL, "updated_at" datetime NOT NULL) [0m
  [1m[35m (0.6ms)[0m  CREATE TABLE "schema_migrations" ("version" varchar(255) NOT NULL) 
  [1m[36m (0.6ms)[0m  [1mCREATE UNIQUE INDEX "unique_schema_migrations" ON "schema_migrations" ("version")[0m
  [1m[35m (0.1ms)[0m  SELECT version FROM "schema_migrations"
  [1m[36m (0.5ms)[0m  [1mINSERT INTO "schema_migrations" (version) VALUES ('20130710231522')[0m
Connecting to database specified by database.yml


Started GET "/" for 127.0.0.1 at 2013-07-10 16:36:17 -0700
Processing by ProjectsController#index as HTML
  Rendered projects/index.html.erb within layouts/application (1.1ms)
Compiled projects.css  (6ms)  (pid 81059)
Compiled application.css  (9ms)  (pid 81059)
Compiled jquery.js  (3ms)  (pid 81059)
Compiled jquery_ujs.js  (0ms)  (pid 81059)
Compiled projects.js  (77ms)  (pid 81059)
Compiled application.js  (99ms)  (pid 81059)
Completed 200 OK in 140ms (Views: 139.2ms | ActiveRecord: 0.0ms)


Started GET "/assets/projects.css?body=1" for 127.0.0.1 at 2013-07-10 16:36:18 -0700
Served asset /projects.css - 200 OK (2ms)


Started GET "/assets/application.css?body=1" for 127.0.0.1 at 2013-07-10 16:36:18 -0700
Served asset /application.css - 200 OK (2ms)


Started GET "/assets/projects.js?body=1" for 127.0.0.1 at 2013-07-10 16:36:18 -0700
Served asset /projects.js - 200 OK (1ms)


Started GET "/assets/jquery.js?body=1" for 127.0.0.1 at 2013-07-10 16:36:18 -0700
Served asset /jquery.js - 304 Not Modified (1ms)


Started GET "/assets/application.js?body=1" for 127.0.0.1 at 2013-07-10 16:36:18 -0700
Served asset /application.js - 304 Not Modified (4ms)


Started GET "/assets/jquery_ujs.js?body=1" for 127.0.0.1 at 2013-07-10 16:36:18 -0700
Served asset /jquery_ujs.js - 304 Not Modified (1ms)


Started GET "/projects/new" for 127.0.0.1 at 2013-07-10 16:36:21 -0700
Processing by ProjectsController#new as HTML
  Rendered projects/new.html.erb within layouts/application (6.4ms)
Completed 200 OK in 50ms (Views: 12.3ms | ActiveRecord: 1.0ms)


Started GET "/assets/jquery.js?body=1" for 127.0.0.1 at 2013-07-10 16:36:21 -0700
Served asset /jquery.js - 304 Not Modified (0ms)


Started GET "/assets/jquery_ujs.js?body=1" for 127.0.0.1 at 2013-07-10 16:36:21 -0700
Served asset /jquery_ujs.js - 304 Not Modified (0ms)


Started GET "/assets/application.js?body=1" for 127.0.0.1 at 2013-07-10 16:36:21 -0700
Served asset /application.js - 304 Not Modified (0ms)


Started GET "/projects/new" for 127.0.0.1 at 2013-07-10 16:37:36 -0700
Processing by ProjectsController#new as HTML
  Rendered projects/new.html.erb within layouts/application (2.2ms)
Completed 200 OK in 9ms (Views: 8.4ms | ActiveRecord: 0.0ms)


Started GET "/assets/application.css?body=1" for 127.0.0.1 at 2013-07-10 16:37:36 -0700
Served asset /application.css - 304 Not Modified (0ms)


Started GET "/assets/jquery_ujs.js?body=1" for 127.0.0.1 at 2013-07-10 16:37:36 -0700
Served asset /jquery_ujs.js - 304 Not Modified (0ms)


Started GET "/assets/jquery.js?body=1" for 127.0.0.1 at 2013-07-10 16:37:36 -0700
Served asset /jquery.js - 304 Not Modified (0ms)


Started GET "/assets/projects.css?body=1" for 127.0.0.1 at 2013-07-10 16:37:36 -0700
Served asset /projects.css - 304 Not Modified (0ms)


Started GET "/assets/application.js?body=1" for 127.0.0.1 at 2013-07-10 16:37:36 -0700
Served asset /application.js - 304 Not Modified (0ms)


Started GET "/assets/projects.js?body=1" for 127.0.0.1 at 2013-07-10 16:37:36 -0700
Served asset /projects.js - 304 Not Modified (0ms)
