Compiled jquery.js  (3ms)  (pid 85353)
Compiled jquery_ujs.js  (0ms)  (pid 85353)
Compiled projects.js  (125ms)  (pid 85353)
Compiled application.js  (163ms)  (pid 85353)
Compiled projects.css  (7ms)  (pid 85353)
Compiled application.css  (11ms)  (pid 85353)
Compiled jquery.js  (3ms)  (pid 85353)
Compiled jquery_ujs.js  (0ms)  (pid 85353)
Compiled projects.js  (64ms)  (pid 85353)
Compiled application.js  (93ms)  (pid 85353)
Compiled projects.css  (4ms)  (pid 85353)
Compiled application.css  (8ms)  (pid 85353)
Connecting to database specified by database.yml
Migrating to CreateProjects (20130710231522)
Connecting to database specified by database.yml
Started GET "/project/not-here" for 127.0.0.1 at 2013-07-11 20:45:01 -0700

ActionController::RoutingError (No route matches [GET] "/project/not-here"):
  actionpack (3.2.13) lib/action_dispatch/middleware/debug_exceptions.rb:21:in `call'
  actionpack (3.2.13) lib/action_dispatch/middleware/show_exceptions.rb:56:in `call'
  railties (3.2.13) lib/rails/rack/logger.rb:32:in `call_app'
  railties (3.2.13) lib/rails/rack/logger.rb:16:in `block in call'
  activesupport (3.2.13) lib/active_support/tagged_logging.rb:22:in `tagged'
  railties (3.2.13) lib/rails/rack/logger.rb:16:in `call'
  actionpack (3.2.13) lib/action_dispatch/middleware/request_id.rb:22:in `call'
  rack (1.4.5) lib/rack/methodoverride.rb:21:in `call'
  rack (1.4.5) lib/rack/runtime.rb:17:in `call'
  activesupport (3.2.13) lib/active_support/cache/strategy/local_cache.rb:72:in `call'
  rack (1.4.5) lib/rack/lock.rb:15:in `call'
  actionpack (3.2.13) lib/action_dispatch/middleware/static.rb:63:in `call'
  rack-cache (1.2) lib/rack/cache/context.rb:136:in `forward'
  rack-cache (1.2) lib/rack/cache/context.rb:245:in `fetch'
  rack-cache (1.2) lib/rack/cache/context.rb:185:in `lookup'
  rack-cache (1.2) lib/rack/cache/context.rb:66:in `call!'
  rack-cache (1.2) lib/rack/cache/context.rb:51:in `call'
  railties (3.2.13) lib/rails/engine.rb:479:in `call'
  railties (3.2.13) lib/rails/application.rb:223:in `call'
  rack (1.4.5) lib/rack/content_length.rb:14:in `call'
  railties (3.2.13) lib/rails/rack/log_tailer.rb:17:in `call'
  rack (1.4.5) lib/rack/handler/webrick.rb:59:in `service'
  /usr/local/rvm/rubies/ruby-2.0.0-p247/lib/ruby/2.0.0/webrick/httpserver.rb:138:in `service'
  /usr/local/rvm/rubies/ruby-2.0.0-p247/lib/ruby/2.0.0/webrick/httpserver.rb:94:in `run'
  /usr/local/rvm/rubies/ruby-2.0.0-p247/lib/ruby/2.0.0/webrick/server.rb:295:in `block in start_thread'


Compiled jquery.js  (3ms)  (pid 85842)
Compiled jquery_ujs.js  (15ms)  (pid 85842)
Compiled projects.js  (59ms)  (pid 85842)
Compiled application.js  (93ms)  (pid 85842)
Compiled projects.css  (6ms)  (pid 85842)
Compiled application.css  (10ms)  (pid 85842)
Compiled jquery.js  (3ms)  (pid 85842)
Compiled jquery_ujs.js  (0ms)  (pid 85842)
Compiled projects.js  (55ms)  (pid 85842)
Compiled application.js  (87ms)  (pid 85842)
Compiled projects.css  (5ms)  (pid 85842)
Compiled application.css  (9ms)  (pid 85842)
